#
# A fatal error has been detected by the Java Runtime Environment:
#
#  SIGSEGV (0xb) at pc=0x0000000000000005, pid=5709, tid=0x0000000000000307
#
# JRE version: Java(TM) SE Runtime Environment (8.0_131-b11) (build 1.8.0_131-b11)
# Java VM: Java HotSpot(TM) 64-Bit Server VM (25.131-b11 mixed mode bsd-amd64 compressed oops)
# Problematic frame:
# C  0x0000000000000005
#
# Failed to write core dump. Core dumps have been disabled. To enable core dumping, try "ulimit -c unlimited" before starting Java again
#
# If you would like to submit a bug report, please visit:
#   http://bugreport.java.com/bugreport/crash.jsp
# The crash happened outside the Java Virtual Machine in native code.
# See problematic frame for where to report the bug.
#

---------------  T H R E A D  ---------------

Current thread (0x00007faf2c00d800):  JavaThread "main" [_thread_in_native, id=775, stack(0x00007fff57375000,0x00007fff57b75000)]

siginfo: si_signo: 11 (SIGSEGV), si_code: 1 (SEGV_MAPERR), si_addr: 0x0000000000000005

Registers:
RAX=0x0000000000000005, RBX=0x0000000797588010, RCX=0x00000000000001e0, RDX=0x0000000000000000
RSP=0x00007fff57b705c8, RBP=0x00007fff57b705f0, RSI=0x0000000000000000, RDI=0x0000000000000de1
R8 =0x0000000000000280, R9 =0x00000000000001e0, R10=0x00000000000001e0, R11=0x0000000000001907
R12=0x0000000000000000, R13=0x0000000797588000, R14=0x00007fff57b70798, R15=0x00007faf2c00d800
RIP=0x0000000000000005, EFLAGS=0x0000000000010202, ERR=0x0000000000000014
  TRAPNO=0x000000000000000e

Top of Stack: (sp=0x00007fff57b705c8)
0x00007fff57b705c8:   000000011182ecd9 00007faf00001907
0x00007fff57b705d8:   0000000100001406 0000000797588010
0x00007fff57b705e8:   00007fff88cd5551 00007fff57b70660
0x00007fff57b705f8:   0000000111d438ae 00000000000001e0
0x00007fff57b70608:   0000000000001907 0000000000001406
0x00007fff57b70618:   00000000000e1000 0000000797588010
0x00007fff57b70628:   000000010f4f3a48 00007faf2c00d800
0x00007fff57b70638:   00007faf2c00d800 00007fff57b70690
0x00007fff57b70648:   00000001094e8036 4028000000000000
0x00007fff57b70658:   0000000000000000 00007fff57b70738
0x00007fff57b70668:   0000000111af52bd 00000000000001e0
0x00007fff57b70678:   0000000000001907 0000000000001406
0x00007fff57b70688:   0000000797588000 00007fff57b706e8
0x00007fff57b70698:   0000000111af52bd 0000000797588000
0x00007fff57b706a8:   0000000000001406 0000000000001907
0x00007fff57b706b8:   00000000000001e0 0000000000000280
0x00007fff57b706c8:   00000000000001e0 0000000000000000
0x00007fff57b706d8:   0000000000000000 0000000000000de1
0x00007fff57b706e8:   00007fff88cd5551 0000000111af5040
0x00007fff57b706f8:   00007fff57b706f8 000000010f58ba18
0x00007fff57b70708:   00007fff57b70798 000000010f58cab0
0x00007fff57b70718:   000000010f78e078 000000010f58baa0
0x00007fff57b70728:   00007fff57b706a0 00007fff57b707a0
0x00007fff57b70738:   00000007958e0958 0000000111da5a90
0x00007fff57b70748:   00007fff88cd5551 0000000000000000
0x00007fff57b70758:   0000000797588000 0000000000001406
0x00007fff57b70768:   0000000000001907 00000001000001e0
0x00007fff57b70778:   0000000700000280 00000001000001e0
0x00007fff57b70788:   0000000000000000 0000000100000000
0x00007fff57b70798:   0000000100000de1 0000000700001907
0x00007fff57b707a8:   0000000700001406 0000000797588000
0x00007fff57b707b8:   000001e000000000 000004fe00000280 

Instructions: (pc=0x0000000000000005)
0xffffffffffffffe5:   

Register to memory mapping:

RAX=0x0000000000000005 is an unknown value
RBX=0x0000000797588010 is an oop

[error occurred during error reporting (printing register info), id 0xb]

Stack: [0x00007fff57375000,0x00007fff57b75000],  sp=0x00007fff57b705c8,  free space=8173k
Native frames: (J=compiled Java code, j=interpreted, Vv=VM code, C=native code)
C  0x0000000000000005
J 948  org.lwjgl.system.JNI.callPV(JIIIIIIII[F)V (0 bytes) @ 0x0000000111d438ae [0x0000000111d43720+0x18e]
j  org.lwjgl.opengl.GL11.glTexSubImage2D(IIIIIIII[F)V+24
J 657 C2 engine.Textures.SEoverrideTexture(Lengine/SETex;Lengine/Logic$Data;)V (191 bytes) @ 0x0000000111da5a90 [0x0000000111da5740+0x350]
J 661 C2 app.MyApp.key(II)V (336 bytes) @ 0x0000000111db4e18 [0x0000000111db4760+0x6b8]
J 918 C1 app.MyApp$$Lambda$12.key(II)V (10 bytes) @ 0x0000000111d5171c [0x0000000111d51640+0xdc]
J 917 C1 engine.Engine.lambda$init$0(JIIII)V (41 bytes) @ 0x0000000111d8e0ec [0x0000000111d8df20+0x1cc]
J 916 C1 engine.Engine$$Lambda$3.invoke(JIIII)V (12 bytes) @ 0x0000000111d55a04 [0x0000000111d55980+0x84]
J 880 C1 org.lwjgl.glfw.GLFWKeyCallbackI.callback(J)V (27 bytes) @ 0x0000000111e22fac [0x0000000111e22920+0x68c]
v  ~StubRoutines::call_stub
V  [libjvm.dylib+0x2ee5b6]  JavaCalls::call_helper(JavaValue*, methodHandle*, JavaCallArguments*, Thread*)+0x6ae
V  [libjvm.dylib+0x325765]  jni_invoke_nonstatic(JNIEnv_*, JavaValue*, _jobject*, JNICallType, _jmethodID*, JNI_ArgumentPusher*, Thread*)+0x2ec
V  [libjvm.dylib+0x317f33]  jni_CallVoidMethod+0x16b
C  [liblwjgl.dylib+0x2fca]
[error occurred during error reporting (printing native stack), id 0xe0000000]

Java frames: (J=compiled Java code, j=interpreted, Vv=VM code)
J 948  org.lwjgl.system.JNI.callPV(JIIIIIIII[F)V (0 bytes) @ 0x0000000111d43839 [0x0000000111d43720+0x119]
j  org.lwjgl.opengl.GL11.glTexSubImage2D(IIIIIIII[F)V+24
J 657 C2 engine.Textures.SEoverrideTexture(Lengine/SETex;Lengine/Logic$Data;)V (191 bytes) @ 0x0000000111da5a90 [0x0000000111da5740+0x350]
J 661 C2 app.MyApp.key(II)V (336 bytes) @ 0x0000000111db4e18 [0x0000000111db4760+0x6b8]
J 918 C1 app.MyApp$$Lambda$12.key(II)V (10 bytes) @ 0x0000000111d5171c [0x0000000111d51640+0xdc]
J 917 C1 engine.Engine.lambda$init$0(JIIII)V (41 bytes) @ 0x0000000111d8e0ec [0x0000000111d8df20+0x1cc]
J 916 C1 engine.Engine$$Lambda$3.invoke(JIIII)V (12 bytes) @ 0x0000000111d55a04 [0x0000000111d55980+0x84]
J 880 C1 org.lwjgl.glfw.GLFWKeyCallbackI.callback(J)V (27 bytes) @ 0x0000000111e22fac [0x0000000111e22920+0x68c]
v  ~StubRoutines::call_stub
J 759  org.lwjgl.system.JNI.invokeV(J)V (0 bytes) @ 0x0000000111de30c1 [0x0000000111de3080+0x41]
J 719 C1 org.lwjgl.glfw.GLFW.glfwPollEvents()V (12 bytes) @ 0x0000000111dd33a4 [0x0000000111dd3300+0xa4]
j  engine.Engine.loop()V+37
j  engine.Engine.SEstart(Lengine/SEProgram;)V+7
j  app.MyApp.main([Ljava/lang/String;)V+7
v  ~StubRoutines::call_stub

---------------  P R O C E S S  ---------------

Java Threads: ( => current thread )
  0x00007faf2e1c0000 JavaThread "Java2D Disposer" daemon [_thread_blocked, id=50247, stack(0x000070000d554000,0x000070000d654000)]
  0x00007faf2e009000 JavaThread "Service Thread" daemon [_thread_blocked, id=20483, stack(0x000070000d248000,0x000070000d348000)]
  0x00007faf2c06e000 JavaThread "C1 CompilerThread3" daemon [_thread_blocked, id=19971, stack(0x000070000d145000,0x000070000d245000)]
  0x00007faf2c808000 JavaThread "C2 CompilerThread2" daemon [_thread_blocked, id=19459, stack(0x000070000d042000,0x000070000d142000)]
  0x00007faf2c06d000 JavaThread "C2 CompilerThread1" daemon [_thread_blocked, id=18947, stack(0x000070000cf3f000,0x000070000d03f000)]
  0x00007faf2c06b800 JavaThread "C2 CompilerThread0" daemon [_thread_blocked, id=18435, stack(0x000070000ce3c000,0x000070000cf3c000)]
  0x00007faf2c054000 JavaThread "Signal Dispatcher" daemon [_thread_blocked, id=17927, stack(0x000070000cd39000,0x000070000ce39000)]
  0x00007faf2c80d000 JavaThread "Finalizer" daemon [_thread_blocked, id=14339, stack(0x000070000cc36000,0x000070000cd36000)]
  0x00007faf2c80a000 JavaThread "Reference Handler" daemon [_thread_blocked, id=13827, stack(0x000070000cb33000,0x000070000cc33000)]
=>0x00007faf2c00d800 JavaThread "main" [_thread_in_native, id=775, stack(0x00007fff57375000,0x00007fff57b75000)]

Other Threads:
  0x00007faf2d00c800 VMThread [stack: 0x000070000ca30000,0x000070000cb30000] [id=13315]
  0x00007faf2e00a000 WatcherThread [stack: 0x000070000d34b000,0x000070000d44b000] [id=20995]

VM state:not at safepoint (normal execution)

VM Mutex/Monitor currently owned by a thread: None

Heap:
 PSYoungGen      total 32768K, used 10195K [0x0000000795580000, 0x0000000797f00000, 0x00000007c0000000)
  eden space 23040K, 15% used [0x0000000795580000,0x0000000795915d98,0x0000000796c00000)
  from space 9728K, 67% used [0x0000000797580000,0x0000000797bdf040,0x0000000797f00000)
  to   space 9728K, 0% used [0x0000000796c00000,0x0000000796c00000,0x0000000797580000)
 ParOldGen       total 87552K, used 29966K [0x0000000740000000, 0x0000000745580000, 0x0000000795580000)
  object space 87552K, 34% used [0x0000000740000000,0x0000000741d43bf8,0x0000000745580000)
 Metaspace       used 8588K, capacity 8777K, committed 8960K, reserved 1056768K
  class space    used 822K, capacity 910K, committed 1024K, reserved 1048576K

Card table byte_map: [0x000000010a563000,0x000000010a964000] byte_map_base: 0x0000000106b63000

Marking Bits: (ParMarkBitMap*) 0x0000000109af1ea0
 Begin Bits: [0x000000010ac0f000, 0x000000010cc0f000)
 End Bits:   [0x000000010cc0f000, 0x000000010ec0f000)

Polling page: 0x000000010814c000

CodeCache: size=245760Kb used=3230Kb max_used=3307Kb free=242529Kb
 bounds [0x0000000111aed000, 0x0000000111e3d000, 0x0000000120aed000]
 total_blobs=1667 nmethods=893 adapters=688
 compilation: enabled

Compilation events (10 events):
Event: 48.000 Thread 0x00007faf2c06e000  966       3       com.sun.imageio.plugins.jpeg.JPEGImageReader::initProgressData (26 bytes)
Event: 48.000 Thread 0x00007faf2c06e000 nmethod 966 0x0000000111c7a290 code [0x0000000111c7a3e0, 0x0000000111c7a550]
Event: 48.000 Thread 0x00007faf2c06e000  961   !   3       com.sun.imageio.plugins.jpeg.JPEGImageReader::getImageTypes (23 bytes)
Event: 48.001 Thread 0x00007faf2c06e000 nmethod 961 0x0000000111d7c710 code [0x0000000111d7c8a0, 0x0000000111d7cb18]
Event: 48.001 Thread 0x00007faf2c06e000  962       3       com.sun.imageio.plugins.jpeg.JPEGImageReader::getImageTypesOnThread (265 bytes)
Event: 48.006 Thread 0x00007faf2c06e000 nmethod 962 0x0000000111d45ed0 code [0x0000000111d46640, 0x0000000111d4b308]
Event: 48.017 Thread 0x00007faf2c06e000  968       3       javax.imageio.ImageReader::processImageComplete (53 bytes)
Event: 48.017 Thread 0x00007faf2c06e000 nmethod 968 0x0000000111d7bd90 code [0x0000000111d7bf40, 0x0000000111d7c528]
Event: 48.017 Thread 0x00007faf2c06e000  969   !   3       com.sun.imageio.plugins.jpeg.JPEGImageReader::dispose (49 bytes)
Event: 48.018 Thread 0x00007faf2c06e000 nmethod 969 0x0000000111d77790 code [0x0000000111d77960, 0x0000000111d77e68]

GC Heap History (10 events):
Event: 46.693 GC heap before
{Heap before GC invocations=104 (full 0):
 PSYoungGen      total 29696K, used 29532K [0x0000000795580000, 0x0000000797f00000, 0x00000007c0000000)
  eden space 23040K, 100% used [0x0000000795580000,0x0000000796c00000,0x0000000796c00000)
  from space 6656K, 97% used [0x0000000796c00000,0x0000000797257040,0x0000000797280000)
  to   space 9728K, 0% used [0x0000000797580000,0x0000000797580000,0x0000000797f00000)
 ParOldGen       total 87552K, used 29822K [0x0000000740000000, 0x0000000745580000, 0x0000000795580000)
  object space 87552K, 34% used [0x0000000740000000,0x0000000741d1fbf8,0x0000000745580000)
 Metaspace       used 8569K, capacity 8777K, committed 8960K, reserved 1056768K
  class space    used 822K, capacity 910K, committed 1024K, reserved 1048576K
Event: 46.695 GC heap after
Heap after GC invocations=104 (full 0):
 PSYoungGen      total 32768K, used 6524K [0x0000000795580000, 0x0000000797f00000, 0x00000007c0000000)
  eden space 23040K, 0% used [0x0000000795580000,0x0000000795580000,0x0000000796c00000)
  from space 9728K, 67% used [0x0000000797580000,0x0000000797bdf040,0x0000000797f00000)
  to   space 9728K, 0% used [0x0000000796c00000,0x0000000796c00000,0x0000000797580000)
 ParOldGen       total 87552K, used 29846K [0x0000000740000000, 0x0000000745580000, 0x0000000795580000)
  object space 87552K, 34% used [0x0000000740000000,0x0000000741d25bf8,0x0000000745580000)
 Metaspace       used 8569K, capacity 8777K, committed 8960K, reserved 1056768K
  class space    used 822K, capacity 910K, committed 1024K, reserved 1048576K
}
Event: 47.056 GC heap before
{Heap before GC invocations=105 (full 0):
 PSYoungGen      total 32768K, used 29564K [0x0000000795580000, 0x0000000797f00000, 0x00000007c0000000)
  eden space 23040K, 100% used [0x0000000795580000,0x0000000796c00000,0x0000000796c00000)
  from space 9728K, 67% used [0x0000000797580000,0x0000000797bdf040,0x0000000797f00000)
  to   space 9728K, 0% used [0x0000000796c00000,0x0000000796c00000,0x0000000797580000)
 ParOldGen       total 87552K, used 29846K [0x0000000740000000, 0x0000000745580000, 0x0000000795580000)
  object space 87552K, 34% used [0x0000000740000000,0x0000000741d25bf8,0x0000000745580000)
 Metaspace       used 8569K, capacity 8777K, committed 8960K, reserved 1056768K
  class space    used 822K, capacity 910K, committed 1024K, reserved 1048576K
Event: 47.057 GC heap after
Heap after GC invocations=105 (full 0):
 PSYoungGen      total 32768K, used 6524K [0x0000000795580000, 0x0000000797f00000, 0x00000007c0000000)
  eden space 23040K, 0% used [0x0000000795580000,0x0000000795580000,0x0000000796c00000)
  from space 9728K, 67% used [0x0000000796c00000,0x000000079725f040,0x0000000797580000)
  to   space 9728K, 0% used [0x0000000797580000,0x0000000797580000,0x0000000797f00000)
 ParOldGen       total 87552K, used 29870K [0x0000000740000000, 0x0000000745580000, 0x0000000795580000)
  object space 87552K, 34% used [0x0000000740000000,0x0000000741d2bbf8,0x0000000745580000)
 Metaspace       used 8569K, capacity 8777K, committed 8960K, reserved 1056768K
  class space    used 822K, capacity 910K, committed 1024K, reserved 1048576K
}
Event: 47.435 GC heap before
{Heap before GC invocations=106 (full 0):
 PSYoungGen      total 32768K, used 28006K [0x0000000795580000, 0x0000000797f00000, 0x00000007c0000000)
  eden space 23040K, 93% used [0x0000000795580000,0x0000000796a7aa70,0x0000000796c00000)
  from space 9728K, 67% used [0x0000000796c00000,0x000000079725f040,0x0000000797580000)
  to   space 9728K, 0% used [0x0000000797580000,0x0000000797580000,0x0000000797f00000)
 ParOldGen       total 87552K, used 29870K [0x0000000740000000, 0x0000000745580000, 0x0000000795580000)
  object space 87552K, 34% used [0x0000000740000000,0x0000000741d2bbf8,0x0000000745580000)
 Metaspace       used 8571K, capacity 8777K, committed 8960K, reserved 1056768K
  class space    used 822K, capacity 910K, committed 1024K, reserved 1048576K
Event: 47.436 GC heap after
Heap after GC invocations=106 (full 0):
 PSYoungGen      total 32768K, used 2892K [0x0000000795580000, 0x0000000797f00000, 0x00000007c0000000)
  eden space 23040K, 0% used [0x0000000795580000,0x0000000795580000,0x0000000796c00000)
  from space 9728K, 29% used [0x0000000797580000,0x0000000797853030,0x0000000797f00000)
  to   space 9728K, 0% used [0x0000000796c00000,0x0000000796c00000,0x0000000797580000)
 ParOldGen       total 87552K, used 29910K [0x0000000740000000, 0x0000000745580000, 0x0000000795580000)
  object space 87552K, 34% used [0x0000000740000000,0x0000000741d35bf8,0x0000000745580000)
 Metaspace       used 8571K, capacity 8777K, committed 8960K, reserved 1056768K
  class space    used 822K, capacity 910K, committed 1024K, reserved 1048576K
}
Event: 47.658 GC heap before
{Heap before GC invocations=107 (full 0):
 PSYoungGen      total 32768K, used 25932K [0x0000000795580000, 0x0000000797f00000, 0x00000007c0000000)
  eden space 23040K, 100% used [0x0000000795580000,0x0000000796c00000,0x0000000796c00000)
  from space 9728K, 29% used [0x0000000797580000,0x0000000797853030,0x0000000797f00000)
  to   space 9728K, 0% used [0x0000000796c00000,0x0000000796c00000,0x0000000797580000)
 ParOldGen       total 87552K, used 29910K [0x0000000740000000, 0x0000000745580000, 0x0000000795580000)
  object space 87552K, 34% used [0x0000000740000000,0x0000000741d35bf8,0x0000000745580000)
 Metaspace       used 8572K, capacity 8777K, committed 8960K, reserved 1056768K
  class space    used 822K, capacity 910K, committed 1024K, reserved 1048576K
Event: 47.660 GC heap after
Heap after GC invocations=107 (full 0):
 PSYoungGen      total 32768K, used 6524K [0x0000000795580000, 0x0000000797f00000, 0x00000007c0000000)
  eden space 23040K, 0% used [0x0000000795580000,0x0000000795580000,0x0000000796c00000)
  from space 9728K, 67% used [0x0000000796c00000,0x000000079725f040,0x0000000797580000)
  to   space 9728K, 0% used [0x0000000797580000,0x0000000797580000,0x0000000797f00000)
 ParOldGen       total 87552K, used 29942K [0x0000000740000000, 0x0000000745580000, 0x0000000795580000)
  object space 87552K, 34% used [0x0000000740000000,0x0000000741d3dbf8,0x0000000745580000)
 Metaspace       used 8572K, capacity 8777K, committed 8960K, reserved 1056768K
  class space    used 822K, capacity 910K, committed 1024K, reserved 1048576K
}
Event: 48.027 GC heap before
{Heap before GC invocations=108 (full 0):
 PSYoungGen      total 32768K, used 29564K [0x0000000795580000, 0x0000000797f00000, 0x00000007c0000000)
  eden space 23040K, 100% used [0x0000000795580000,0x0000000796c00000,0x0000000796c00000)
  from space 9728K, 67% used [0x0000000796c00000,0x000000079725f040,0x0000000797580000)
  to   space 9728K, 0% used [0x0000000797580000,0x0000000797580000,0x0000000797f00000)
 ParOldGen       total 87552K, used 29942K [0x0000000740000000, 0x0000000745580000, 0x0000000795580000)
  object space 87552K, 34% used [0x0000000740000000,0x0000000741d3dbf8,0x0000000745580000)
 Metaspace       used 8588K, capacity 8777K, committed 8960K, reserved 1056768K
  class space    used 822K, capacity 910K, committed 1024K, reserved 1048576K
Event: 48.029 GC heap after
Heap after GC invocations=108 (full 0):
 PSYoungGen      total 32768K, used 6524K [0x0000000795580000, 0x0000000797f00000, 0x00000007c0000000)
  eden space 23040K, 0% used [0x0000000795580000,0x0000000795580000,0x0000000796c00000)
  from space 9728K, 67% used [0x0000000797580000,0x0000000797bdf040,0x0000000797f00000)
  to   space 9728K, 0% used [0x0000000796c00000,0x0000000796c00000,0x0000000797580000)
 ParOldGen       total 87552K, used 29966K [0x0000000740000000, 0x0000000745580000, 0x0000000795580000)
  object space 87552K, 34% used [0x0000000740000000,0x0000000741d43bf8,0x0000000745580000)
 Metaspace       used 8588K, capacity 8777K, committed 8960K, reserved 1056768K
  class space    used 822K, capacity 910K, committed 1024K, reserved 1048576K
}

Deoptimization events (7 events):
Event: 0.937 Thread 0x00007faf2c00d800 Uncommon trap: reason=unstable_if action=reinterpret pc=0x0000000111d80004 method=engine.Images.getAsGLTexture(Ljava/lang/String;)Lengine/Logic$Data; @ 57
Event: 1.019 Thread 0x00007faf2c00d800 Uncommon trap: reason=unstable_if action=reinterpret pc=0x0000000111d873d8 method=engine.Textures.SEloadTexture(Lengine/Logic$Data;)Lengine/SETex; @ 93
Event: 1.043 Thread 0x00007faf2c00d800 Uncommon trap: reason=unstable_if action=reinterpret pc=0x0000000111d8df40 method=engine.Textures.SEloadTexture(Lengine/Logic$Data;)Lengine/SETex; @ 214
Event: 1.044 Thread 0x00007faf2c00d800 Uncommon trap: reason=unstable_if action=reinterpret pc=0x0000000111d9065c method=engine.Textures.SEloadTexture(Lengine/Logic$Data;)Lengine/SETex; @ 130
Event: 2.235 Thread 0x00007faf2c00d800 Uncommon trap: reason=unstable_if action=reinterpret pc=0x0000000111d8ed9c method=app.MyApp.key(II)V @ 216
Event: 2.363 Thread 0x00007faf2c00d800 Uncommon trap: reason=unstable_if action=reinterpret pc=0x0000000111da015c method=app.MyApp.key(II)V @ 216
Event: 2.496 Thread 0x00007faf2c00d800 Uncommon trap: reason=unstable_if action=reinterpret pc=0x0000000111d9f474 method=engine.Textures.SEoverrideTexture(Lengine/SETex;Lengine/Logic$Data;)V @ 37

Internal exceptions (10 events):
Event: 0.210 Thread 0x00007faf2c00d800 Exception <a 'java/lang/NoSuchFieldError': method resolution failed> (0x00000007958b9ba8) thrown at [/Users/java_re/workspace/8-2-build-macosx-x86_64/jdk8u131/8869/hotspot/src/share/vm/prims/methodHandles.cpp, line 1146]
Event: 0.333 Thread 0x00007faf2c00d800 Exception <a 'sun/nio/fs/UnixException'> (0x0000000795a4c298) thrown at [/Users/java_re/workspace/8-2-build-macosx-x86_64/jdk8u131/8869/hotspot/src/share/vm/prims/jni.cpp, line 709]
Event: 0.334 Thread 0x00007faf2c00d800 Exception <a 'sun/nio/fs/UnixException'> (0x0000000795a4dad0) thrown at [/Users/java_re/workspace/8-2-build-macosx-x86_64/jdk8u131/8869/hotspot/src/share/vm/prims/jni.cpp, line 709]
Event: 0.334 Thread 0x00007faf2c00d800 Exception <a 'sun/nio/fs/UnixException'> (0x0000000795a4e338) thrown at [/Users/java_re/workspace/8-2-build-macosx-x86_64/jdk8u131/8869/hotspot/src/share/vm/prims/jni.cpp, line 709]
Event: 0.334 Thread 0x00007faf2c00d800 Exception <a 'sun/nio/fs/UnixException'> (0x0000000795a4ebc0) thrown at [/Users/java_re/workspace/8-2-build-macosx-x86_64/jdk8u131/8869/hotspot/src/share/vm/prims/jni.cpp, line 709]
Event: 0.334 Thread 0x00007faf2c00d800 Exception <a 'sun/nio/fs/UnixException'> (0x0000000795a4f450) thrown at [/Users/java_re/workspace/8-2-build-macosx-x86_64/jdk8u131/8869/hotspot/src/share/vm/prims/jni.cpp, line 709]
Event: 0.335 Thread 0x00007faf2c00d800 Exception <a 'sun/nio/fs/UnixException'> (0x0000000795a4fbb0) thrown at [/Users/java_re/workspace/8-2-build-macosx-x86_64/jdk8u131/8869/hotspot/src/share/vm/prims/jni.cpp, line 709]
Event: 0.335 Thread 0x00007faf2c00d800 Exception <a 'sun/nio/fs/UnixException'> (0x0000000795a50228) thrown at [/Users/java_re/workspace/8-2-build-macosx-x86_64/jdk8u131/8869/hotspot/src/share/vm/prims/jni.cpp, line 709]
Event: 0.781 Thread 0x00007faf2c00d800 Exception <a 'java/io/FileNotFoundException'> (0x0000000795e583a0) thrown at [/Users/java_re/workspace/8-2-build-macosx-x86_64/jdk8u131/8869/hotspot/src/share/vm/prims/jni.cpp, line 709]
Event: 0.781 Thread 0x00007faf2c00d800 Exception <a 'java/io/FileNotFoundException'> (0x0000000795e58f20) thrown at [/Users/java_re/workspace/8-2-build-macosx-x86_64/jdk8u131/8869/hotspot/src/share/vm/prims/jni.cpp, line 709]

Events (10 events):
Event: 46.693 Executing VM operation: ParallelGCFailedAllocation
Event: 46.695 Executing VM operation: ParallelGCFailedAllocation done
Event: 47.056 Executing VM operation: ParallelGCFailedAllocation
Event: 47.057 Executing VM operation: ParallelGCFailedAllocation done
Event: 47.435 Executing VM operation: ParallelGCFailedAllocation
Event: 47.436 Executing VM operation: ParallelGCFailedAllocation done
Event: 47.658 Executing VM operation: ParallelGCFailedAllocation
Event: 47.660 Executing VM operation: ParallelGCFailedAllocation done
Event: 48.027 Executing VM operation: ParallelGCFailedAllocation
Event: 48.029 Executing VM operation: ParallelGCFailedAllocation done


Dynamic libraries:
0x000000000f13a000 	/System/Library/Frameworks/Cocoa.framework/Versions/A/Cocoa
0x000000000f13a000 	/System/Library/Frameworks/Security.framework/Versions/A/Security
0x000000000f13a000 	/System/Library/Frameworks/ApplicationServices.framework/Versions/A/ApplicationServices
0x000000000f13a000 	/usr/lib/libz.1.dylib
0x000000000f13a000 	/usr/lib/libSystem.B.dylib
0x000000000f13a000 	/usr/lib/libobjc.A.dylib
0x000000000f13a000 	/System/Library/Frameworks/CoreFoundation.framework/Versions/A/CoreFoundation
0x000000000f13a000 	/System/Library/Frameworks/Foundation.framework/Versions/C/Foundation
0x000000000f13a000 	/System/Library/Frameworks/AppKit.framework/Versions/C/AppKit
0x000000000f13a000 	/System/Library/Frameworks/CoreData.framework/Versions/A/CoreData
0x000000000f13a000 	/System/Library/PrivateFrameworks/RemoteViewServices.framework/Versions/A/RemoteViewServices
0x000000000f13a000 	/System/Library/PrivateFrameworks/UIFoundation.framework/Versions/A/UIFoundation
0x000000000f13a000 	/System/Library/PrivateFrameworks/DFRFoundation.framework/Versions/A/DFRFoundation
0x000000000f13a000 	/usr/lib/libenergytrace.dylib
0x000000000f13a000 	/System/Library/PrivateFrameworks/SkyLight.framework/Versions/A/SkyLight
0x000000000f13a000 	/System/Library/Frameworks/CoreGraphics.framework/Versions/A/CoreGraphics
0x000000000f13a000 	/usr/lib/libScreenReader.dylib
0x000000000f13a000 	/System/Library/Frameworks/Accelerate.framework/Versions/A/Accelerate
0x000000000f13a000 	/System/Library/Frameworks/IOSurface.framework/Versions/A/IOSurface
0x000000000f13a000 	/System/Library/Frameworks/AudioToolbox.framework/Versions/A/AudioToolbox
0x000000000f13a000 	/System/Library/Frameworks/AudioUnit.framework/Versions/A/AudioUnit
0x000000000f13a000 	/System/Library/PrivateFrameworks/DataDetectorsCore.framework/Versions/A/DataDetectorsCore
0x000000000f13a000 	/System/Library/PrivateFrameworks/DesktopServicesPriv.framework/Versions/A/DesktopServicesPriv
0x000000000f13a000 	/System/Library/Frameworks/Carbon.framework/Versions/A/Frameworks/HIToolbox.framework/Versions/A/HIToolbox
0x000000000f13a000 	/usr/lib/libicucore.A.dylib
0x000000000f13a000 	/System/Library/Frameworks/QuartzCore.framework/Versions/A/QuartzCore
0x000000000f13a000 	/System/Library/Frameworks/Carbon.framework/Versions/A/Frameworks/SpeechRecognition.framework/Versions/A/SpeechRecognition
0x000000000f13a000 	/usr/lib/libauto.dylib
0x000000000f13a000 	/usr/lib/libxml2.2.dylib
0x000000000f13a000 	/System/Library/PrivateFrameworks/CoreUI.framework/Versions/A/CoreUI
0x000000000f13a000 	/System/Library/Frameworks/CoreAudio.framework/Versions/A/CoreAudio
0x000000000f13a000 	/System/Library/Frameworks/DiskArbitration.framework/Versions/A/DiskArbitration
0x000000000f13a000 	/usr/lib/liblangid.dylib
0x000000000f13a000 	/System/Library/PrivateFrameworks/MultitouchSupport.framework/Versions/A/MultitouchSupport
0x000000000f13a000 	/System/Library/Frameworks/IOKit.framework/Versions/A/IOKit
0x000000000f13a000 	/usr/lib/libDiagnosticMessagesClient.dylib
0x000000000f13a000 	/System/Library/Frameworks/CoreServices.framework/Versions/A/CoreServices
0x000000000f13a000 	/System/Library/PrivateFrameworks/PerformanceAnalysis.framework/Versions/A/PerformanceAnalysis
0x000000000f13a000 	/System/Library/PrivateFrameworks/GenerationalStorage.framework/Versions/A/GenerationalStorage
0x000000000f13a000 	/System/Library/Frameworks/OpenGL.framework/Versions/A/OpenGL
0x000000000f13a000 	/System/Library/Frameworks/CoreImage.framework/Versions/A/CoreImage
0x000000000f13a000 	/System/Library/Frameworks/CoreText.framework/Versions/A/CoreText
0x000000000f13a000 	/System/Library/Frameworks/ImageIO.framework/Versions/A/ImageIO
0x000000000f13a000 	/System/Library/PrivateFrameworks/Backup.framework/Versions/A/Backup
0x000000000f13a000 	/usr/lib/libarchive.2.dylib
0x000000000f13a000 	/System/Library/Frameworks/CFNetwork.framework/Versions/A/CFNetwork
0x000000000f13a000 	/System/Library/Frameworks/SystemConfiguration.framework/Versions/A/SystemConfiguration
0x000000000f13a000 	/usr/lib/libCRFSuite.dylib
0x000000000f13a000 	/usr/lib/libc++.1.dylib
0x000000000f13a000 	/usr/lib/libc++abi.dylib
0x000000000f13a000 	/usr/lib/system/libcache.dylib
0x000000000f13a000 	/usr/lib/system/libcommonCrypto.dylib
0x000000000f13a000 	/usr/lib/system/libcompiler_rt.dylib
0x000000000f13a000 	/usr/lib/system/libcopyfile.dylib
0x000000000f13a000 	/usr/lib/system/libcorecrypto.dylib
0x000000000f13a000 	/usr/lib/system/libdispatch.dylib
0x000000000f13a000 	/usr/lib/system/libdyld.dylib
0x000000000f13a000 	/usr/lib/system/libkeymgr.dylib
0x000000000f13a000 	/usr/lib/system/liblaunch.dylib
0x000000000f13a000 	/usr/lib/system/libmacho.dylib
0x000000000f13a000 	/usr/lib/system/libquarantine.dylib
0x000000000f13a000 	/usr/lib/system/libremovefile.dylib
0x000000000f13a000 	/usr/lib/system/libsystem_asl.dylib
0x000000000f13a000 	/usr/lib/system/libsystem_blocks.dylib
0x000000000f13a000 	/usr/lib/system/libsystem_c.dylib
0x000000000f13a000 	/usr/lib/system/libsystem_configuration.dylib
0x000000000f13a000 	/usr/lib/system/libsystem_coreservices.dylib
0x000000000f13a000 	/usr/lib/system/libsystem_coretls.dylib
0x000000000f13a000 	/usr/lib/system/libsystem_dnssd.dylib
0x000000000f13a000 	/usr/lib/system/libsystem_info.dylib
0x000000000f13a000 	/usr/lib/system/libsystem_kernel.dylib
0x000000000f13a000 	/usr/lib/system/libsystem_m.dylib
0x000000000f13a000 	/usr/lib/system/libsystem_malloc.dylib
0x000000000f13a000 	/usr/lib/system/libsystem_network.dylib
0x000000000f13a000 	/usr/lib/system/libsystem_networkextension.dylib
0x000000000f13a000 	/usr/lib/system/libsystem_notify.dylib
0x000000000f13a000 	/usr/lib/system/libsystem_platform.dylib
0x000000000f13a000 	/usr/lib/system/libsystem_pthread.dylib
0x000000000f13a000 	/usr/lib/system/libsystem_sandbox.dylib
0x000000000f13a000 	/usr/lib/system/libsystem_secinit.dylib
0x000000000f13a000 	/usr/lib/system/libsystem_symptoms.dylib
0x000000000f13a000 	/usr/lib/system/libsystem_trace.dylib
0x000000000f13a000 	/usr/lib/system/libunwind.dylib
0x000000000f13a000 	/usr/lib/system/libxpc.dylib
0x000000000f13a000 	/usr/lib/libbsm.0.dylib
0x000000000f13a000 	/usr/lib/system/libkxld.dylib
0x000000000f13a000 	/usr/lib/libcoretls.dylib
0x000000000f13a000 	/usr/lib/libcoretls_cfhelpers.dylib
0x000000000f13a000 	/usr/lib/libOpenScriptingUtil.dylib
0x000000000f13a000 	/usr/lib/libpam.2.dylib
0x000000000f13a000 	/usr/lib/libsqlite3.dylib
0x000000000f13a000 	/usr/lib/libxar.1.dylib
0x000000000f13a000 	/usr/lib/libbz2.1.0.dylib
0x000000000f13a000 	/usr/lib/liblzma.5.dylib
0x000000000f13a000 	/usr/lib/libnetwork.dylib
0x000000000f13a000 	/usr/lib/libpcap.A.dylib
0x000000000f13a000 	/System/Library/Frameworks/CoreServices.framework/Versions/A/Frameworks/FSEvents.framework/Versions/A/FSEvents
0x000000000f13a000 	/System/Library/Frameworks/CoreServices.framework/Versions/A/Frameworks/CarbonCore.framework/Versions/A/CarbonCore
0x000000000f13a000 	/System/Library/Frameworks/CoreServices.framework/Versions/A/Frameworks/Metadata.framework/Versions/A/Metadata
0x000000000f13a000 	/System/Library/Frameworks/CoreServices.framework/Versions/A/Frameworks/OSServices.framework/Versions/A/OSServices
0x000000000f13a000 	/System/Library/Frameworks/CoreServices.framework/Versions/A/Frameworks/SearchKit.framework/Versions/A/SearchKit
0x000000000f13a000 	/System/Library/Frameworks/CoreServices.framework/Versions/A/Frameworks/AE.framework/Versions/A/AE
0x000000000f13a000 	/System/Library/Frameworks/CoreServices.framework/Versions/A/Frameworks/LaunchServices.framework/Versions/A/LaunchServices
0x000000000f13a000 	/System/Library/Frameworks/CoreServices.framework/Versions/A/Frameworks/DictionaryServices.framework/Versions/A/DictionaryServices
0x000000000f13a000 	/System/Library/Frameworks/CoreServices.framework/Versions/A/Frameworks/SharedFileList.framework/Versions/A/SharedFileList
0x000000000f13a000 	/System/Library/Frameworks/NetFS.framework/Versions/A/NetFS
0x000000000f13a000 	/System/Library/PrivateFrameworks/NetAuth.framework/Versions/A/NetAuth
0x000000000f13a000 	/System/Library/PrivateFrameworks/login.framework/Versions/A/Frameworks/loginsupport.framework/Versions/A/loginsupport
0x000000000f13a000 	/System/Library/PrivateFrameworks/TCC.framework/Versions/A/TCC
0x000000000f13a000 	/usr/lib/libmecabra.dylib
0x000000000f13a000 	/System/Library/Frameworks/ApplicationServices.framework/Versions/A/Frameworks/ATS.framework/Versions/A/ATS
0x000000000f13a000 	/System/Library/Frameworks/ApplicationServices.framework/Versions/A/Frameworks/ColorSync.framework/Versions/A/ColorSync
0x000000000f13a000 	/System/Library/Frameworks/ApplicationServices.framework/Versions/A/Frameworks/HIServices.framework/Versions/A/HIServices
0x000000000f13a000 	/System/Library/Frameworks/ApplicationServices.framework/Versions/A/Frameworks/LangAnalysis.framework/Versions/A/LangAnalysis
0x000000000f13a000 	/System/Library/Frameworks/ApplicationServices.framework/Versions/A/Frameworks/PrintCore.framework/Versions/A/PrintCore
0x000000000f13a000 	/System/Library/Frameworks/ApplicationServices.framework/Versions/A/Frameworks/QD.framework/Versions/A/QD
0x000000000f13a000 	/System/Library/Frameworks/ApplicationServices.framework/Versions/A/Frameworks/SpeechSynthesis.framework/Versions/A/SpeechSynthesis
0x000000000f13a000 	/System/Library/Frameworks/Accelerate.framework/Versions/A/Frameworks/vImage.framework/Versions/A/vImage
0x000000000f13a000 	/System/Library/Frameworks/Accelerate.framework/Versions/A/Frameworks/vecLib.framework/Versions/A/vecLib
0x000000000f13a000 	/System/Library/Frameworks/Accelerate.framework/Versions/A/Frameworks/vecLib.framework/Versions/A/libvDSP.dylib
0x000000000f13a000 	/System/Library/Frameworks/Accelerate.framework/Versions/A/Frameworks/vecLib.framework/Versions/A/libBNNS.dylib
0x000000000f13a000 	/System/Library/Frameworks/Accelerate.framework/Versions/A/Frameworks/vecLib.framework/Versions/A/libQuadrature.dylib
0x000000000f13a000 	/System/Library/Frameworks/Accelerate.framework/Versions/A/Frameworks/vecLib.framework/Versions/A/libvMisc.dylib
0x000000000f13a000 	/System/Library/Frameworks/Accelerate.framework/Versions/A/Frameworks/vecLib.framework/Versions/A/libLAPACK.dylib
0x000000000f13a000 	/System/Library/Frameworks/Accelerate.framework/Versions/A/Frameworks/vecLib.framework/Versions/A/libBLAS.dylib
0x000000000f13a000 	/System/Library/Frameworks/Accelerate.framework/Versions/A/Frameworks/vecLib.framework/Versions/A/libLinearAlgebra.dylib
0x000000000f13a000 	/System/Library/Frameworks/Accelerate.framework/Versions/A/Frameworks/vecLib.framework/Versions/A/libSparseBLAS.dylib
0x000000000f13a000 	/System/Library/Frameworks/ApplicationServices.framework/Versions/A/Frameworks/ATS.framework/Versions/A/Resources/libFontParser.dylib
0x000000000f13a000 	/System/Library/Frameworks/ApplicationServices.framework/Versions/A/Frameworks/ATS.framework/Versions/A/Resources/libFontRegistry.dylib
0x000000000f13a000 	/System/Library/Frameworks/ImageIO.framework/Versions/A/Resources/libJPEG.dylib
0x000000000f13a000 	/System/Library/Frameworks/ImageIO.framework/Versions/A/Resources/libTIFF.dylib
0x000000000f13a000 	/System/Library/Frameworks/ImageIO.framework/Versions/A/Resources/libPng.dylib
0x000000000f13a000 	/System/Library/Frameworks/ImageIO.framework/Versions/A/Resources/libGIF.dylib
0x000000000f13a000 	/System/Library/Frameworks/ImageIO.framework/Versions/A/Resources/libJP2.dylib
0x000000000f13a000 	/System/Library/Frameworks/ImageIO.framework/Versions/A/Resources/libRadiance.dylib
0x000000000f13a000 	/usr/lib/libcompression.dylib
0x000000000f13a000 	/System/Library/PrivateFrameworks/AppleJPEG.framework/Versions/A/AppleJPEG
0x000000000f13a000 	/usr/lib/libcups.2.dylib
0x000000000f13a000 	/System/Library/Frameworks/Kerberos.framework/Versions/A/Kerberos
0x000000000f13a000 	/System/Library/Frameworks/GSS.framework/Versions/A/GSS
0x000000000f13a000 	/usr/lib/libresolv.9.dylib
0x000000000f13a000 	/usr/lib/libiconv.2.dylib
0x000000000f13a000 	/System/Library/PrivateFrameworks/Heimdal.framework/Versions/A/Heimdal
0x000000000f13a000 	/usr/lib/libheimdal-asn1.dylib
0x000000000f13a000 	/System/Library/Frameworks/OpenDirectory.framework/Versions/A/OpenDirectory
0x000000000f13a000 	/System/Library/PrivateFrameworks/CommonAuth.framework/Versions/A/CommonAuth
0x000000000f13a000 	/System/Library/Frameworks/OpenDirectory.framework/Versions/A/Frameworks/CFOpenDirectory.framework/Versions/A/CFOpenDirectory
0x000000000f13a000 	/System/Library/Frameworks/SecurityFoundation.framework/Versions/A/SecurityFoundation
0x000000000f13a000 	/System/Library/PrivateFrameworks/LanguageModeling.framework/Versions/A/LanguageModeling
0x000000000f13a000 	/usr/lib/libmarisa.dylib
0x000000000f13a000 	/usr/lib/libChineseTokenizer.dylib
0x000000000f13a000 	/usr/lib/libcmph.dylib
0x000000000f13a000 	/System/Library/PrivateFrameworks/CoreEmoji.framework/Versions/A/CoreEmoji
0x000000000f13a000 	/System/Library/Frameworks/ServiceManagement.framework/Versions/A/ServiceManagement
0x000000000f13a000 	/usr/lib/libxslt.1.dylib
0x000000000f13a000 	/System/Library/Frameworks/Carbon.framework/Versions/A/Frameworks/Ink.framework/Versions/A/Ink
0x000000000f13a000 	/System/Library/PrivateFrameworks/TextureIO.framework/Versions/A/TextureIO
0x000000000f13a000 	/System/Library/Frameworks/Metal.framework/Versions/A/Metal
0x000000000f13a000 	/usr/lib/libate.dylib
0x000000000f13a000 	/System/Library/PrivateFrameworks/GPUCompiler.framework/libmetal_timestamp.dylib
0x000000000f13a000 	/System/Library/Frameworks/OpenGL.framework/Versions/A/Libraries/libCoreFSCache.dylib
0x000000000f13a000 	/System/Library/PrivateFrameworks/IOAccelerator.framework/Versions/A/IOAccelerator
0x000000000f13a000 	/System/Library/Frameworks/CoreVideo.framework/Versions/A/CoreVideo
0x000000000f13a000 	/usr/lib/libFosl_dynamic.dylib
0x000000000f13a000 	/System/Library/PrivateFrameworks/MetalPerformanceShaders.framework/Versions/A/MetalPerformanceShaders
0x000000000f13a000 	/System/Library/PrivateFrameworks/FaceCore.framework/Versions/A/FaceCore
0x000000000f13a000 	/System/Library/Frameworks/OpenCL.framework/Versions/A/OpenCL
0x000000000f13a000 	/System/Library/Frameworks/OpenGL.framework/Versions/A/Libraries/libGLU.dylib
0x000000000f13a000 	/System/Library/Frameworks/OpenGL.framework/Versions/A/Libraries/libGFXShared.dylib
0x000000000f13a000 	/System/Library/Frameworks/OpenGL.framework/Versions/A/Libraries/libGL.dylib
0x000000000f13a000 	/System/Library/Frameworks/OpenGL.framework/Versions/A/Libraries/libGLImage.dylib
0x000000000f13a000 	/System/Library/Frameworks/OpenGL.framework/Versions/A/Libraries/libCVMSPluginSupport.dylib
0x000000000f13a000 	/System/Library/Frameworks/OpenGL.framework/Versions/A/Libraries/libCoreVMClient.dylib
0x000000000f13a000 	/System/Library/PrivateFrameworks/CrashReporterSupport.framework/Versions/A/CrashReporterSupport
0x000000000f13a000 	/System/Library/PrivateFrameworks/Sharing.framework/Versions/A/Sharing
0x000000000f13a000 	/System/Library/PrivateFrameworks/IconServices.framework/Versions/A/IconServices
0x000000000f13a000 	/System/Library/PrivateFrameworks/ProtocolBuffer.framework/Versions/A/ProtocolBuffer
0x000000000f13a000 	/System/Library/PrivateFrameworks/Apple80211.framework/Versions/A/Apple80211
0x000000000f13a000 	/System/Library/Frameworks/CoreWLAN.framework/Versions/A/CoreWLAN
0x000000000f13a000 	/System/Library/PrivateFrameworks/CoreUtils.framework/Versions/A/CoreUtils
0x000000000f13a000 	/System/Library/Frameworks/IOBluetooth.framework/Versions/A/IOBluetooth
0x000000000f13a000 	/System/Library/PrivateFrameworks/CoreWiFi.framework/Versions/A/CoreWiFi
0x000000000f13a000 	/System/Library/Frameworks/CoreBluetooth.framework/Versions/A/CoreBluetooth
0x000000000f13a000 	/System/Library/Frameworks/CoreDisplay.framework/Versions/A/CoreDisplay
0x000000000f13a000 	/System/Library/PrivateFrameworks/IOPresentment.framework/Versions/A/IOPresentment
0x000000000f13a000 	/System/Library/PrivateFrameworks/DSExternalDisplay.framework/Versions/A/DSExternalDisplay
0x000000000f13a000 	/System/Library/PrivateFrameworks/DebugSymbols.framework/Versions/A/DebugSymbols
0x000000000f13a000 	/System/Library/PrivateFrameworks/CoreSymbolication.framework/Versions/A/CoreSymbolication
0x000000000f13a000 	/System/Library/PrivateFrameworks/Symbolication.framework/Versions/A/Symbolication
0x000000000f13a000 	/System/Library/PrivateFrameworks/AppleFSCompression.framework/Versions/A/AppleFSCompression
0x000000000f13a000 	/System/Library/PrivateFrameworks/SpeechRecognitionCore.framework/Versions/A/SpeechRecognitionCore
0x000000000f13a000 	/System/Library/PrivateFrameworks/ChunkingLibrary.framework/Versions/A/ChunkingLibrary
0x0000000109200000 	/Library/Java/JavaVirtualMachines/jdk1.8.0_131.jdk/Contents/Home/jre/lib/server/libjvm.dylib
0x000000000f13a000 	/usr/lib/libstdc++.6.dylib
0x0000000108109000 	/Library/Java/JavaVirtualMachines/jdk1.8.0_131.jdk/Contents/Home/jre/lib/libverify.dylib
0x0000000108117000 	/Library/Java/JavaVirtualMachines/jdk1.8.0_131.jdk/Contents/Home/jre/lib/libjava.dylib
0x0000000108155000 	/Library/Java/JavaVirtualMachines/jdk1.8.0_131.jdk/Contents/Home/jre/lib/libzip.dylib
0x00000001116e5000 	/System/Library/Frameworks/JavaVM.framework/Frameworks/JavaRuntimeSupport.framework/JavaRuntimeSupport
0x00000001116ff000 	/System/Library/Frameworks/JavaVM.framework/Versions/A/Frameworks/JavaNativeFoundation.framework/Versions/A/JavaNativeFoundation
0x0000000111714000 	/System/Library/Frameworks/JavaVM.framework/Versions/A/JavaVM
0x000000000f13a000 	/System/Library/Frameworks/Carbon.framework/Versions/A/Carbon
0x0000000111721000 	/System/Library/PrivateFrameworks/JavaLaunching.framework/Versions/A/JavaLaunching
0x000000000f13a000 	/System/Library/Frameworks/Carbon.framework/Versions/A/Frameworks/CommonPanels.framework/Versions/A/CommonPanels
0x000000000f13a000 	/System/Library/Frameworks/Carbon.framework/Versions/A/Frameworks/Help.framework/Versions/A/Help
0x000000000f13a000 	/System/Library/Frameworks/Carbon.framework/Versions/A/Frameworks/ImageCapture.framework/Versions/A/ImageCapture
0x000000000f13a000 	/System/Library/Frameworks/Carbon.framework/Versions/A/Frameworks/OpenScripting.framework/Versions/A/OpenScripting
0x000000000f13a000 	/System/Library/Frameworks/Carbon.framework/Versions/A/Frameworks/Print.framework/Versions/A/Print
0x000000000f13a000 	/System/Library/Frameworks/Carbon.framework/Versions/A/Frameworks/SecurityHI.framework/Versions/A/SecurityHI
0x00000001117ac000 	/Library/Java/JavaVirtualMachines/jdk1.8.0_131.jdk/Contents/Home/jre/lib/libnio.dylib
0x00000001117bc000 	/Library/Java/JavaVirtualMachines/jdk1.8.0_131.jdk/Contents/Home/jre/lib/./libnet.dylib
0x000000011181b000 	/private/var/folders/h7/67xcp6yd58151r4z0r8fl2d00000gn/T/lwjgldesgroup/3.1.2-build-13/liblwjgl.dylib
0x0000000111841000 	/var/folders/h7/67xcp6yd58151r4z0r8fl2d00000gn/T/lwjgldesgroup/3.1.2-build-13/libglfw.dylib
0x000000000f13a000 	/System/Library/PrivateFrameworks/CoreServicesInternal.framework/Versions/A/CoreServicesInternal
0x000000000f13a000 	/System/Library/PrivateFrameworks/FamilyControls.framework/Versions/A/FamilyControls
0x000000000f13a000 	/System/Library/PrivateFrameworks/CommerceKit.framework/Versions/A/Frameworks/CommerceCore.framework/Versions/A/CommerceCore
0x000000000f13a000 	/System/Library/PrivateFrameworks/SystemAdministration.framework/Versions/A/SystemAdministration
0x000000000f13a000 	/System/Library/PrivateFrameworks/AppContainer.framework/Versions/A/AppContainer
0x000000000f13a000 	/System/Library/PrivateFrameworks/SecCodeWrapper.framework/Versions/A/SecCodeWrapper
0x000000000f13a000 	/System/Library/Frameworks/DirectoryService.framework/Versions/A/DirectoryService
0x000000000f13a000 	/System/Library/PrivateFrameworks/DiskImages.framework/Versions/A/DiskImages
0x000000000f13a000 	/System/Library/PrivateFrameworks/LoginUIKit.framework/Versions/A/Frameworks/LoginUICore.framework/Versions/A/LoginUICore
0x000000000f13a000 	/usr/lib/libCoreStorage.dylib
0x000000000f13a000 	/usr/lib/libcsfde.dylib
0x000000000f13a000 	/usr/lib/libodfde.dylib
0x000000000f13a000 	/System/Library/Frameworks/DiscRecording.framework/Versions/A/DiscRecording
0x000000000f13a000 	/usr/lib/libcurl.4.dylib
0x000000000f13a000 	/System/Library/PrivateFrameworks/MediaKit.framework/Versions/A/MediaKit
0x000000000f13a000 	/System/Library/PrivateFrameworks/ProtectedCloudStorage.framework/Versions/A/ProtectedCloudStorage
0x000000000f13a000 	/System/Library/PrivateFrameworks/EFILogin.framework/Versions/A/EFILogin
0x000000000f13a000 	/usr/lib/libutil.dylib
0x000000000f13a000 	/System/Library/Frameworks/LDAP.framework/Versions/A/LDAP
0x000000000f13a000 	/usr/lib/libsasl2.2.dylib
0x000000000f13a000 	/System/Library/PrivateFrameworks/CoreDaemon.framework/Versions/B/CoreDaemon
0x000000000f13a000 	/System/Library/PrivateFrameworks/AppleSRP.framework/Versions/A/AppleSRP
0x000000000f13a000 	/System/Library/PrivateFrameworks/APFS.framework/Versions/A/APFS
0x000000000f13a000 	/System/Library/Frameworks/Accelerate.framework/Versions/A/Frameworks/vImage.framework/Versions/A/Libraries/libCGInterfaces.dylib
0x000000000f13a000 	/System/Library/Frameworks/OpenGL.framework/Versions/A/Resources/GLEngine.bundle/GLEngine
0x000000000f13a000 	/System/Library/Frameworks/OpenGL.framework/Versions/A/Libraries/libGLProgrammability.dylib
0x0000000123f0e000 	/System/Library/Extensions/AppleIntelHD3000GraphicsGLDriver.bundle/Contents/MacOS/AppleIntelHD3000GraphicsGLDriver
0x000000000f13a000 	/System/Library/PrivateFrameworks/GPUSupport.framework/Versions/A/Libraries/libGPUSupport.dylib
0x0000000123551000 	/System/Library/Extensions/AMDRadeonX3000GLDriver.bundle/Contents/MacOS/AMDRadeonX3000GLDriver
0x000000000f13a000 	/System/Library/PrivateFrameworks/GPUSupport.framework/Versions/A/Libraries/libGPUSupportMercury.dylib
0x00000001243ca000 	/System/Library/Extensions/AMDRadeonX3000GLDriver.bundle/Contents/MacOS/ATIRadeonX3000SCLib.dylib
0x000000000f13a000 	/System/Library/Frameworks/OpenGL.framework/Versions/A/Resources/GLRendererFloat.bundle/GLRendererFloat
0x000000000f13a000 	/System/Library/Frameworks/OpenCL.framework/Versions/A/Libraries/libcldcpuengine.dylib
0x000000000f13a000 	/usr/lib/libcrypto.0.9.8.dylib
0x000000000f13a000 	/System/Library/PrivateFrameworks/TrustEvaluationAgent.framework/Versions/A/TrustEvaluationAgent
0x000000000f13a000 	/System/Library/Frameworks/ApplicationServices.framework/Versions/A/Frameworks/ATS.framework/Versions/A/Resources/libTrueTypeScaler.dylib
0x00000001236f1000 	/private/var/folders/h7/67xcp6yd58151r4z0r8fl2d00000gn/T/lwjgldesgroup/3.1.2-build-13/liblwjgl_opengl.dylib
0x0000000125fc8000 	/Library/Java/JavaVirtualMachines/jdk1.8.0_131.jdk/Contents/Home/jre/lib/libawt.dylib
0x0000000126070000 	/Library/Java/JavaVirtualMachines/jdk1.8.0_131.jdk/Contents/Home/jre/lib/./libmlib_image.dylib
0x000000012613c000 	/Library/Java/JavaVirtualMachines/jdk1.8.0_131.jdk/Contents/Home/jre/lib/libawt_lwawt.dylib
0x0000000123747000 	/Library/Java/JavaVirtualMachines/jdk1.8.0_131.jdk/Contents/Home/jre/lib/./libosxapp.dylib
0x000000000f13a000 	/System/Library/Frameworks/ExceptionHandling.framework/Versions/A/ExceptionHandling
0x00000001261f3000 	/Library/Java/JavaVirtualMachines/jdk1.8.0_131.jdk/Contents/Home/jre/lib/libjpeg.dylib
0x0000000126220000 	/Library/Java/JavaVirtualMachines/jdk1.8.0_131.jdk/Contents/Home/jre/lib/liblcms.dylib
0x000000000f13a000 	/System/Library/PrivateFrameworks/ViewBridge.framework/Versions/A/ViewBridge
0x000000000f13a000 	/System/Library/PrivateFrameworks/XPCService.framework/Versions/A/XPCService
0x000000000f13a000 	/System/Library/PrivateFrameworks/AppSandbox.framework/Versions/A/AppSandbox
0x000000000f13a000 	/usr/lib/libsandbox.1.dylib
0x000000000f13a000 	/usr/lib/libMatch.1.dylib

VM Arguments:
jvm_args: -Dfile.encoding=UTF-8 -Djava.awt.headless=true 
java_command: app.MyApp
java_class_path (initial): /Users/desgroup/Desktop/lwjgl-stable-2017-04-30-custom/lwjgl-glfw.jar:/Users/desgroup/Desktop/lwjgl-stable-2017-04-30-custom/lwjgl-openal.jar:/Users/desgroup/Desktop/lwjgl-stable-2017-04-30-custom/lwjgl-opencl.jar:/Users/desgroup/Desktop/lwjgl-stable-2017-04-30-custom/lwjgl-opengl.jar:/Users/desgroup/Desktop/lwjgl-stable-2017-04-30-custom/lwjgl-opengles.jar:/Users/desgroup/Desktop/lwjgl-stable-2017-04-30-custom/lwjgl-vulkan.jar:/Users/desgroup/Desktop/lwjgl-stable-2017-04-30-custom/lwjgl.jar:/Users/desgroup/Desktop/lwjgl-stable-2017-04-30-custom/lwjgl-glfw-natives-linux.jar:/Users/desgroup/Desktop/lwjgl-stable-2017-04-30-custom/lwjgl-glfw-natives-macos.jar:/Users/desgroup/Desktop/lwjgl-stable-2017-04-30-custom/lwjgl-glfw-natives-windows.jar:/Users/desgroup/Desktop/lwjgl-stable-2017-04-30-custom/lwjgl-natives-linux.jar:/Users/desgroup/Desktop/lwjgl-stable-2017-04-30-custom/lwjgl-natives-macos.jar:/Users/desgroup/Desktop/lwjgl-stable-2017-04-30-custom/lwjgl-natives-windows.jar:/Users/desgroup/Desktop/lwjgl-stable-2017-04-30-custom/lwjgl-openal-natives-linux.jar:/Users/desgroup/Desktop/lwjgl-stable-2017-04-30-custom/lwjgl-openal-natives-macos.jar:/Users/desgroup/Desktop/lwjgl-stable-2017-04-30-custom/lwjgl-openal-natives-windows.jar:/Users/desgroup/Desktop/lwjgl-stable-2017-04-30-custom/lwjgl-opengl-natives-linux.jar:/Users/desgroup/Desktop/lwjgl-stable-2017-04-30-custom/lwjgl-opengl-natives-macos.jar:/Users/desgroup/Desktop/lwjgl-stable-2017-04-30-custom/lwjgl-opengl-natives-windows.jar:/Users/desgroup/Desktop/lwjgl-stable-2017-04-30-custom/lwjgl-opengles-natives-linux.jar:/Users/desgroup/Desktop/lwjgl-stable-2017-04-30-custom/lwjgl-opengles-natives-macos.jar:/Users/desgroup/Desktop/lwjgl-stable-2017-04-30-custom/lwjgl-opengles-natives-windows.jar:/Users/desgroup/NetBeansProjects/Spells Engine/build/classes
Launcher Type: SUN_STANDARD

Environment Variables:
PATH=/usr/bin:/bin:/usr/sbin:/sbin
LD_LIBRARY_PATH=/Library/Java/JavaVirtualMachines/jdk1.8.0_131.jdk/Contents/Home/jre/lib/amd64:/Library/Java/JavaVirtualMachines/jdk1.8.0_131.jdk/Contents/Home/jre/lib/i386:
SHELL=/bin/bash

Signal Handlers:
SIGSEGV: [libjvm.dylib+0x5b1eb1], sa_mask[0]=11111111011111110111111111111111, sa_flags=SA_ONSTACK|SA_RESTART|SA_SIGINFO
SIGBUS: [libjvm.dylib+0x5b1eb1], sa_mask[0]=11111111011111110111111111111111, sa_flags=SA_RESTART|SA_SIGINFO
SIGFPE: [libjvm.dylib+0x488988], sa_mask[0]=11111111011111110111111111111111, sa_flags=SA_RESTART|SA_SIGINFO
SIGPIPE: [libjvm.dylib+0x488988], sa_mask[0]=11111111011111110111111111111111, sa_flags=SA_RESTART|SA_SIGINFO
SIGXFSZ: [libjvm.dylib+0x488988], sa_mask[0]=11111111011111110111111111111111, sa_flags=SA_RESTART|SA_SIGINFO
SIGILL: [libjvm.dylib+0x488988], sa_mask[0]=11111111011111110111111111111111, sa_flags=SA_RESTART|SA_SIGINFO
SIGUSR1: SIG_DFL, sa_mask[0]=00000000000000000000000000000000, sa_flags=none
SIGUSR2: [libjvm.dylib+0x4884a6], sa_mask[0]=00100000000000000000000000000000, sa_flags=SA_RESTART|SA_SIGINFO
SIGHUP: [libjvm.dylib+0x486a7d], sa_mask[0]=11111111011111110111111111111111, sa_flags=SA_RESTART|SA_SIGINFO
SIGINT: SIG_IGN, sa_mask[0]=00000000000000000000000000000000, sa_flags=none
SIGTERM: [libjvm.dylib+0x486a7d], sa_mask[0]=11111111011111110111111111111111, sa_flags=SA_RESTART|SA_SIGINFO
SIGQUIT: [libjvm.dylib+0x486a7d], sa_mask[0]=11111111011111110111111111111111, sa_flags=SA_RESTART|SA_SIGINFO


---------------  S Y S T E M  ---------------

OS:Bsduname:Darwin 16.6.0 Darwin Kernel Version 16.6.0: Fri Apr 14 16:21:16 PDT 2017; root:xnu-3789.60.24~6/RELEASE_X86_64 x86_64
rlimit: STACK 8192k, CORE 0k, NPROC 709, NOFILE 10240, AS infinity
load average:2.08 2.67 3.70

CPU:total 8 (initial active 8) (4 cores per cpu, 2 threads per core) family 6 model 42 stepping 7, cmov, cx8, fxsr, mmx, sse, sse2, sse3, ssse3, sse4.1, sse4.2, popcnt, avx, aes, clmul, ht, tsc, tscinvbit

Memory: 4k page, physical 8388608k(135492k free)

/proc/meminfo:


vm_info: Java HotSpot(TM) 64-Bit Server VM (25.131-b11) for bsd-amd64 JRE (1.8.0_131-b11), built on Mar 15 2017 01:32:22 by "java_re" with gcc 4.2.1 (Based on Apple Inc. build 5658) (LLVM build 2336.11.00)

time: Wed Jun  7 10:26:48 2017
elapsed time: 48 seconds (0d 0h 0m 48s)

